<?xml version="1.0" encoding="UTF-8" ?>
<testsuite errors="0" failures="1" hostname="racunalo" name="matejonnet.test.SimpleTest" tests="2" time="0.36" timestamp="2010-12-25T18:53:59">
  <properties>
    <property name="java.vendor" value="Sun Microsystems Inc." />
    <property name="sun.java.launcher" value="SUN_STANDARD" />
    <property name="eclipse.pdebuild.templates" value="/C:/prog/eclipse_helios/plugins/org.eclipse.pde.build_3.6.1.R36x_v20100823/templates/" />
    <property name="sun.management.compiler" value="HotSpot 64-Bit Server Compiler" />
    <property name="env.PROMPT" value="$P$G" />
    <property name="os.name" value="Windows 7" />
    <property name="env.FP_NO_HOST_CHECK" value="NO" />
    <property name="sun.boot.class.path" value="C:\Program Files\Java\jdk1.6.0_17\jre\lib\resources.jar;C:\Program Files\Java\jdk1.6.0_17\jre\lib\rt.jar;C:\Program Files\Java\jdk1.6.0_17\jre\lib\sunrsasign.jar;C:\Program Files\Java\jdk1.6.0_17\jre\lib\jsse.jar;C:\Program Files\Java\jdk1.6.0_17\jre\lib\jce.jar;C:\Program Files\Java\jdk1.6.0_17\jre\lib\charsets.jar;C:\Program Files\Java\jdk1.6.0_17\jre\classes" />
    <property name="env.COMPUTERNAME" value="RACUNALO" />
    <property name="env.CommonProgramW6432" value="C:\Program Files\Common Files" />
    <property name="env.ALLUSERSPROFILE" value="C:\ProgramData" />
    <property name="sun.desktop" value="windows" />
    <property name="java.vm.specification.vendor" value="Sun Microsystems Inc." />
    <property name="ant.home" value="C:\prog\eclipse_helios\plugins\org.apache.ant_1.7.1.v20100518-1145" />
    <property name="java.runtime.version" value="1.6.0_17-b04" />
    <property name="env.HOMEPATH" value="\Users\matej" />
    <property name="user.name" value="matej" />
    <property name="env.QTJAVA" value="C:\Program Files (x86)\Java\jre6\lib\ext\QTJava.zip" />
    <property name="user.language" value="sl" />
    <property name="sun.boot.library.path" value="C:\Program Files\Java\jdk1.6.0_17\jre\bin" />
    <property name="ant.project.name" value="clouder" />
    <property name="java.version" value="1.6.0_17" />
    <property name="env.PROCESSOR_IDENTIFIER" value="Intel64 Family 6 Model 15 Stepping 2, GenuineIntel" />
    <property name="user.timezone" value="" />
    <property name="env.TEMP" value="C:\Users\matej\AppData\Local\Temp" />
    <property name="sun.arch.data.model" value="64" />
    <property name="java.endorsed.dirs" value="C:\Program Files\Java\jdk1.6.0_17\jre\lib\endorsed" />
    <property name="sun.cpu.isalist" value="amd64" />
    <property name="env.HOMEDRIVE" value="C:" />
    <property name="sun.jnu.encoding" value="Cp1250" />
    <property name="file.encoding.pkg" value="sun.io" />
    <property name="ECLIPSE_HOME" value="C:/prog/eclipse_helios" />
    <property name="file.separator" value="\" />
    <property name="java.specification.name" value="Java Platform API Specification" />
    <property name="java.class.version" value="50.0" />
    <property name="user.country" value="SI" />
    <property name="java.home" value="C:\Program Files\Java\jdk1.6.0_17\jre" />
    <property name="env.PSModulePath" value="C:\Windows\system32\WindowsPowerShell\v1.0\Modules\" />
    <property name="env.APPDATA" value="C:\Users\matej\AppData\Roaming" />
    <property name="env.PUBLIC" value="C:\Users\Public" />
    <property name="java.vm.info" value="mixed mode" />
    <property name="env.ComSpec" value="C:\Windows\system32\cmd.exe" />
    <property name="env.OS" value="Windows_NT" />
    <property name="env.CommonProgramFiles" value="C:\Program Files\Common Files" />
    <property name="ant.file" value="D:\java\workspaces-sendbox\jee6\clouder\build.xml" />
    <property name="os.version" value="6.1" />
    <property name="env.ProgramW6432" value="C:\Program Files" />
    <property name="path.separator" value=";" />
    <property name="java.vm.version" value="14.3-b01" />
    <property name="user.variant" value="" />
    <property name="env.USERPROFILE" value="C:\Users\matej" />
    <property name="ant.library.dir" value="C:\prog\eclipse_helios\plugins\org.apache.ant_1.7.1.v20100518-1145\lib" />
    <property name="junit.output.dir" value="junit" />
    <property name="env.JAVA_HOME" value="C:\Program Files (x86)\Java\jdk1.6.0_20" />
    <property name="java.awt.printerjob" value="sun.awt.windows.WPrinterJob" />
    <property name="env.TMP" value="C:\Users\matej\AppData\Local\Temp" />
    <property name="sun.io.unicode.encoding" value="UnicodeLittle" />
    <property name="ant.file.clouder" value="D:\java\workspaces-sendbox\jee6\clouder\build.xml" />
    <property name="awt.toolkit" value="sun.awt.windows.WToolkit" />
    <property name="eclipse.pdebuild.scripts" value="/C:/prog/eclipse_helios/plugins/org.eclipse.pde.build_3.6.1.R36x_v20100823/scripts/" />
    <property name="user.home" value="C:\Users\matej" />
    <property name="target" value="1.6" />
    <property name="env.ProgramData" value="C:\ProgramData" />
    <property name="env.SESSIONNAME" value="Console" />
    <property name="env.ProgramFiles(x86)" value="C:\Program Files (x86)" />
    <property name="java.specification.vendor" value="Sun Microsystems Inc." />
    <property name="env.CLASSPATH" value=".;C:\Program Files (x86)\Java\jre6\lib\ext\QTJava.zip" />
    <property name="env.NUMBER_OF_PROCESSORS" value="2" />
    <property name="java.library.path" value="C:\Program Files\Java\jdk1.6.0_17\jre\bin;.;C:\Windows\Sun\Java\bin;C:\Windows\system32;C:\Windows;C:\Program Files (x86)\PC Connectivity Solution\;C:\Windows\system32;C:\Windows;C:\Windows\System32\Wbem;C:\Windows\System32\WindowsPowerShell\v1.0\;C:\Program Files (x86)\ATI Technologies\ATI.ACE\Core-Static;c:\Program Files\Java\jdk1.6.0_17\bin\;C:\Program Files (x86)\QuickTime\QTSystem\;c:\Program Files (x86)\unxTools\;C:\prog\apache-maven\bin\;C:\Program Files (x86)\cwRsync\bin\;C:\Program Files (x86)\Git\cmd;C:\Program Files (x86)\OpenVPN\bin" />
    <property name="java.vendor.url" value="http://java.sun.com/" />
    <property name="java.vm.vendor" value="Sun Microsystems Inc." />
    <property name="java.runtime.name" value="Java(TM) SE Runtime Environment" />
    <property name="java.class.path" value="D:\java\workspaces-sendbox\jee6\clouder\build\classes;C:\java\runtimes\jboss-6.0.0.20101110-CR1\common\lib\antlr.jar;C:\java\runtimes\jboss-6.0.0.20101110-CR1\common\lib\asm.jar;C:\java\runtimes\jboss-6.0.0.20101110-CR1\common\lib\autonumber-plugin.jar;C:\java\runtimes\jboss-6.0.0.20101110-CR1\common\lib\bcel.jar;C:\java\runtimes\jboss-6.0.0.20101110-CR1\common\lib\bsf.jar;C:\java\runtimes\jboss-6.0.0.20101110-CR1\common\lib\bsh.jar;C:\java\runtimes\jboss-6.0.0.20101110-CR1\common\lib\cdi-api.jar;C:\java\runtimes\jboss-6.0.0.20101110-CR1\common\lib\commons-beanutils.jar;C:\java\runtimes\jboss-6.0.0.20101110-CR1\common\lib\commons-collections.jar;C:\java\runtimes\jboss-6.0.0.20101110-CR1\common\lib\cxf-api.jar;C:\java\runtimes\jboss-6.0.0.20101110-CR1\common\lib\cxf-common-schemas.jar;C:\java\runtimes\jboss-6.0.0.20101110-CR1\common\lib\cxf-common-utilities.jar;C:\java\runtimes\jboss-6.0.0.20101110-CR1\common\lib\cxf-rt-bindings-coloc.jar;C:\java\runtimes\jboss-6.0.0.20101110-CR1\common\lib\cxf-rt-bindings-http.jar;C:\java\runtimes\jboss-6.0.0.20101110-CR1\common\lib\cxf-rt-bindings-object.jar;C:\java\runtimes\jboss-6.0.0.20101110-CR1\common\lib\cxf-rt-bindings-soap.jar;C:\java\runtimes\jboss-6.0.0.20101110-CR1\common\lib\cxf-rt-bindings-xml.jar;C:\java\runtimes\jboss-6.0.0.20101110-CR1\common\lib\cxf-rt-core.jar;C:\java\runtimes\jboss-6.0.0.20101110-CR1\common\lib\cxf-rt-databinding-aegis.jar;C:\java\runtimes\jboss-6.0.0.20101110-CR1\common\lib\cxf-rt-databinding-jaxb.jar;C:\java\runtimes\jboss-6.0.0.20101110-CR1\common\lib\cxf-rt-frontend-jaxws.jar;C:\java\runtimes\jboss-6.0.0.20101110-CR1\common\lib\cxf-rt-frontend-simple.jar;C:\java\runtimes\jboss-6.0.0.20101110-CR1\common\lib\cxf-rt-management.jar;C:\java\runtimes\jboss-6.0.0.20101110-CR1\common\lib\cxf-rt-transports-http.jar;C:\java\runtimes\jboss-6.0.0.20101110-CR1\common\lib\cxf-rt-transports-jms.jar;C:\java\runtimes\jboss-6.0.0.20101110-CR1\common\lib\cxf-rt-transports-local.jar;C:\java\runtimes\jboss-6.0.0.20101110-CR1\common\lib\cxf-rt-ws-addr.jar;C:\java\runtimes\jboss-6.0.0.20101110-CR1\common\lib\cxf-rt-ws-policy.jar;C:\java\runtimes\jboss-6.0.0.20101110-CR1\common\lib\cxf-rt-ws-rm.jar;C:\java\runtimes\jboss-6.0.0.20101110-CR1\common\lib\cxf-rt-ws-security.jar;C:\java\runtimes\jboss-6.0.0.20101110-CR1\common\lib\cxf-tools-common.jar;C:\java\runtimes\jboss-6.0.0.20101110-CR1\common\lib\cxf-tools-java2ws.jar;C:\java\runtimes\jboss-6.0.0.20101110-CR1\common\lib\cxf-tools-validator.jar;C:\java\runtimes\jboss-6.0.0.20101110-CR1\common\lib\cxf-tools-wsdlto-core.jar;C:\java\runtimes\jboss-6.0.0.20101110-CR1\common\lib\cxf-tools-wsdlto-databinding-jaxb.jar;C:\java\runtimes\jboss-6.0.0.20101110-CR1\common\lib\cxf-tools-wsdlto-frontend-jaxws.jar;C:\java\runtimes\jboss-6.0.0.20101110-CR1\common\lib\cxf-xjc-boolean.jar;C:\java\runtimes\jboss-6.0.0.20101110-CR1\common\lib\cxf-xjc-bug671.jar;C:\java\runtimes\jboss-6.0.0.20101110-CR1\common\lib\cxf-xjc-dv.jar;C:\java\runtimes\jboss-6.0.0.20101110-CR1\common\lib\cxf-xjc-ts.jar;C:\java\runtimes\jboss-6.0.0.20101110-CR1\common\lib\dtdparser.jar;C:\java\runtimes\jboss-6.0.0.20101110-CR1\common\lib\ejb31-calendar-expr-parser.jar;C:\java\runtimes\jboss-6.0.0.20101110-CR1\common\lib\ejbref-resolver-ejb30-impl.jar;C:\java\runtimes\jboss-6.0.0.20101110-CR1\common\lib\ejbref-resolver-ejb31-impl.jar;C:\java\runtimes\jboss-6.0.0.20101110-CR1\common\lib\ejbref-resolver-spi.jar;C:\java\runtimes\jboss-6.0.0.20101110-CR1\common\lib\FastInfoset.jar;C:\java\runtimes\jboss-6.0.0.20101110-CR1\common\lib\hibernate-commons-annotations.jar;C:\java\runtimes\jboss-6.0.0.20101110-CR1\common\lib\hibernate-core.jar;C:\java\runtimes\jboss-6.0.0.20101110-CR1\common\lib\hibernate-entitymanager.jar;C:\java\runtimes\jboss-6.0.0.20101110-CR1\common\lib\hibernate-jpa-2.0-api.jar;C:\java\runtimes\jboss-6.0.0.20101110-CR1\common\lib\hibernate-validator-legacy.jar;C:\java\runtimes\jboss-6.0.0.20101110-CR1\common\lib\hibernate-validator.jar;C:\java\runtimes\jboss-6.0.0.20101110-CR1\common\lib\hornetq-bootstrap.jar;C:\java\runtimes\jboss-6.0.0.20101110-CR1\common\lib\hornetq-core.jar;C:\java\runtimes\jboss-6.0.0.20101110-CR1\common\lib\hornetq-jboss-as-integration.jar;C:\java\runtimes\jboss-6.0.0.20101110-CR1\common\lib\hornetq-jms.jar;C:\java\runtimes\jboss-6.0.0.20101110-CR1\common\lib\hornetq-logging.jar;C:\java\runtimes\jboss-6.0.0.20101110-CR1\common\lib\hsqldb-plugin.jar;C:\java\runtimes\jboss-6.0.0.20101110-CR1\common\lib\hsqldb.jar;C:\java\runtimes\jboss-6.0.0.20101110-CR1\common\lib\jaxen.jar;C:\java\runtimes\jboss-6.0.0.20101110-CR1\common\lib\jaxws-httpserver-httpspi.jar;C:\java\runtimes\jboss-6.0.0.20101110-CR1\common\lib\jboss-annotations-api_1.1_spec.jar;C:\java\runtimes\jboss-6.0.0.20101110-CR1\common\lib\jboss-as-hibernate-int.jar;C:\java\runtimes\jboss-6.0.0.20101110-CR1\common\lib\jboss-as-hornetq-int.jar;C:\java\runtimes\jboss-6.0.0.20101110-CR1\common\lib\jboss-as-profileservice.jar;C:\java\runtimes\jboss-6.0.0.20101110-CR1\common\lib\jboss-common-jdbc-wrapper.jar;C:\java\runtimes\jboss-6.0.0.20101110-CR1\common\lib\jboss-connector-api_1.5_spec.jar;C:\java\runtimes\jboss-6.0.0.20101110-CR1\common\lib\jboss-current-invocation-aspects.jar;C:\java\runtimes\jboss-6.0.0.20101110-CR1\common\lib\jboss-ejb-api_3.1_spec.jar;C:\java\runtimes\jboss-6.0.0.20101110-CR1\common\lib\jboss-ejb3-async-impl.jar;C:\java\runtimes\jboss-6.0.0.20101110-CR1\common\lib\jboss-ejb3-async-spi.jar;C:\java\runtimes\jboss-6.0.0.20101110-CR1\common\lib\jboss-ejb3-cache.jar;C:\java\runtimes\jboss-6.0.0.20101110-CR1\common\lib\jboss-ejb3-common.jar;C:\java\runtimes\jboss-6.0.0.20101110-CR1\common\lib\jboss-ejb3-concurrency-aop.jar;C:\java\runtimes\jboss-6.0.0.20101110-CR1\common\lib\jboss-ejb3-concurrency-impl.jar;C:\java\runtimes\jboss-6.0.0.20101110-CR1\common\lib\jboss-ejb3-container-spi.jar;C:\java\runtimes\jboss-6.0.0.20101110-CR1\common\lib\jboss-ejb3-context-base.jar;C:\java\runtimes\jboss-6.0.0.20101110-CR1\common\lib\jboss-ejb3-context-naming.jar;C:\java\runtimes\jboss-6.0.0.20101110-CR1\common\lib\jboss-ejb3-core.jar;C:\java\runtimes\jboss-6.0.0.20101110-CR1\common\lib\jboss-ejb3-deployers.jar;C:\java\runtimes\jboss-6.0.0.20101110-CR1\common\lib\jboss-ejb3-effigy-api.jar;C:\java\runtimes\jboss-6.0.0.20101110-CR1\common\lib\jboss-ejb3-effigy-common.jar;C:\java\runtimes\jboss-6.0.0.20101110-CR1\common\lib\jboss-ejb3-effigy-int2.jar;C:\java\runtimes\jboss-6.0.0.20101110-CR1\common\lib\jboss-ejb3-embedded-api-shrinkwrap.jar;C:\java\runtimes\jboss-6.0.0.20101110-CR1\common\lib\jboss-ejb3-embedded-api.jar;C:\java\runtimes\jboss-6.0.0.20101110-CR1\common\lib\jboss-ejb3-embedded-impl-base.jar;C:\java\runtimes\jboss-6.0.0.20101110-CR1\common\lib\jboss-ejb3-embedded-impl-shrinkwrap.jar;C:\java\runtimes\jboss-6.0.0.20101110-CR1\common\lib\jboss-ejb3-embedded-spi.jar;C:\java\runtimes\jboss-6.0.0.20101110-CR1\common\lib\jboss-ejb3-endpoint.jar;C:\java\runtimes\jboss-6.0.0.20101110-CR1\common\lib\jboss-ejb3-ext-api-impl.jar;C:\java\runtimes\jboss-6.0.0.20101110-CR1\common\lib\jboss-ejb3-ext-api.jar;C:\java\runtimes\jboss-6.0.0.20101110-CR1\common\lib\jboss-ejb3-instantiator-deployer.jar;C:\java\runtimes\jboss-6.0.0.20101110-CR1\common\lib\jboss-ejb3-instantiator-impl.jar;C:\java\runtimes\jboss-6.0.0.20101110-CR1\common\lib\jboss-ejb3-instantiator-spi.jar;C:\java\runtimes\jboss-6.0.0.20101110-CR1\common\lib\jboss-ejb3-interceptors.jar;C:\java\runtimes\jboss-6.0.0.20101110-CR1\common\lib\jboss-ejb3-jndi-binder.jar;C:\java\runtimes\jboss-6.0.0.20101110-CR1\common\lib\jboss-ejb3-jpa-int.jar;C:\java\runtimes\jboss-6.0.0.20101110-CR1\common\lib\jboss-ejb3-mc-int.jar;C:\java\runtimes\jboss-6.0.0.20101110-CR1\common\lib\jboss-ejb3-metadata-deployers.jar;C:\java\runtimes\jboss-6.0.0.20101110-CR1\common\lib\jboss-ejb3-metadata.jar;C:\java\runtimes\jboss-6.0.0.20101110-CR1\common\lib\jboss-ejb3-nointerface-impl.jar;C:\java\runtimes\jboss-6.0.0.20101110-CR1\common\lib\jboss-ejb3-nointerface-spi.jar;C:\java\runtimes\jboss-6.0.0.20101110-CR1\common\lib\jboss-ejb3-proxy-clustered.jar;C:\java\runtimes\jboss-6.0.0.20101110-CR1\common\lib\jboss-ejb3-proxy-impl.jar;C:\java\runtimes\jboss-6.0.0.20101110-CR1\common\lib\jboss-ejb3-proxy-spi.jar;C:\java\runtimes\jboss-6.0.0.20101110-CR1\common\lib\jboss-ejb3-security.jar;C:\java\runtimes\jboss-6.0.0.20101110-CR1\common\lib\jboss-ejb3-singleton-aop-impl.jar;C:\java\runtimes\jboss-6.0.0.20101110-CR1\common\lib\jboss-ejb3-singleton-deployer.jar;C:\java\runtimes\jboss-6.0.0.20101110-CR1\common\lib\jboss-ejb3-singleton-impl.jar;C:\java\runtimes\jboss-6.0.0.20101110-CR1\common\lib\jboss-ejb3-singleton-proxy-impl.jar;C:\java\runtimes\jboss-6.0.0.20101110-CR1\common\lib\jboss-ejb3-singleton-spi.jar;C:\java\runtimes\jboss-6.0.0.20101110-CR1\common\lib\jboss-ejb3-statefulcache-ispn.jar;C:\java\runtimes\jboss-6.0.0.20101110-CR1\common\lib\jboss-ejb3-timeout-3.1.jar;C:\java\runtimes\jboss-6.0.0.20101110-CR1\common\lib\jboss-ejb3-timeout-spi.jar;C:\java\runtimes\jboss-6.0.0.20101110-CR1\common\lib\jboss-ejb3-timerservice-extension.jar;C:\java\runtimes\jboss-6.0.0.20101110-CR1\common\lib\jboss-ejb3-timerservice-naming.jar;C:\java\runtimes\jboss-6.0.0.20101110-CR1\common\lib\jboss-ejb3-timerservice-spi.jar;C:\java\runtimes\jboss-6.0.0.20101110-CR1\common\lib\jboss-ejb3-transactions.jar;C:\java\runtimes\jboss-6.0.0.20101110-CR1\common\lib\jboss-ejb3-tx2-aop.jar;C:\java\runtimes\jboss-6.0.0.20101110-CR1\common\lib\jboss-ejb3-tx2-impl.jar;C:\java\runtimes\jboss-6.0.0.20101110-CR1\common\lib\jboss-ejb3-tx2-spi.jar;C:\java\runtimes\jboss-6.0.0.20101110-CR1\common\lib\jboss-ejb3-vfs-impl-vfs3.jar;C:\java\runtimes\jboss-6.0.0.20101110-CR1\common\lib\jboss-ejb3-vfs-spi.jar;C:\java\runtimes\jboss-6.0.0.20101110-CR1\common\lib\jboss-el-api_2.2_spec.jar;C:\java\runtimes\jboss-6.0.0.20101110-CR1\common\lib\jboss-embedded-api.jar;C:\java\runtimes\jboss-6.0.0.20101110-CR1\common\lib\jboss-embedded-core.jar;C:\java\runtimes\jboss-6.0.0.20101110-CR1\common\lib\jboss-ha-client.jar;C:\java\runtimes\jboss-6.0.0.20101110-CR1\common\lib\jboss-ha-server-api.jar;C:\java\runtimes\jboss-6.0.0.20101110-CR1\common\lib\jboss-ha-server-cache-spi.jar;C:\java\runtimes\jboss-6.0.0.20101110-CR1\common\lib\jboss-ha-server-core.jar;C:\java\runtimes\jboss-6.0.0.20101110-CR1\common\lib\jboss-iiop-client.jar;C:\java\runtimes\jboss-6.0.0.20101110-CR1\common\lib\jboss-iiop.jar;C:\java\runtimes\jboss-6.0.0.20101110-CR1\common\lib\jboss-injection-switchboard-deployer.jar;C:\java\runtimes\jboss-6.0.0.20101110-CR1\common\lib\jboss-injection.jar;C:\java\runtimes\jboss-6.0.0.20101110-CR1\common\lib\jboss-integration.jar;C:\java\runtimes\jboss-6.0.0.20101110-CR1\common\lib\jboss-interceptor-core.jar;C:\java\runtimes\jboss-6.0.0.20101110-CR1\common\lib\jboss-interceptor-spi.jar;C:\java\runtimes\jboss-6.0.0.20101110-CR1\common\lib\jboss-interceptors-api_1.1_spec.jar;C:\java\runtimes\jboss-6.0.0.20101110-CR1\common\lib\jboss-jacc-api_1.4_spec.jar;C:\java\runtimes\jboss-6.0.0.20101110-CR1\common\lib\jboss-jad-api_1.2_spec.jar;C:\java\runtimes\jboss-6.0.0.20101110-CR1\common\lib\jboss-jaspi-api_1.0_spec.jar;C:\java\runtimes\jboss-6.0.0.20101110-CR1\common\lib\jboss-jaxb-api_2.2_spec.jar;C:\java\runtimes\jboss-6.0.0.20101110-CR1\common\lib\jboss-jaxb-intros.jar;C:\java\runtimes\jboss-6.0.0.20101110-CR1\common\lib\jboss-jaxr-api_1.0_spec.jar;C:\java\runtimes\jboss-6.0.0.20101110-CR1\common\lib\jboss-jaxrpc-api_1.1_spec.jar;C:\java\runtimes\jboss-6.0.0.20101110-CR1\common\lib\jboss-jaxws-api_2.2_spec.jar;C:\java\runtimes\jboss-6.0.0.20101110-CR1\common\lib\jboss-jca.jar;C:\java\runtimes\jboss-6.0.0.20101110-CR1\common\lib\jboss-jms-api_1.1_spec.jar;C:\java\runtimes\jboss-6.0.0.20101110-CR1\common\lib\jboss-jpa-deployers.jar;C:\java\runtimes\jboss-6.0.0.20101110-CR1\common\lib\jboss-jpa-impl.jar;C:\java\runtimes\jboss-6.0.0.20101110-CR1\common\lib\jboss-jpa-spi.jar;C:\java\runtimes\jboss-6.0.0.20101110-CR1\common\lib\jboss-jpa-vfs3.jar;C:\java\runtimes\jboss-6.0.0.20101110-CR1\common\lib\jboss-jsp-api_2.2_spec.jar;C:\java\runtimes\jboss-6.0.0.20101110-CR1\common\lib\jboss-jsr77.jar;C:\java\runtimes\jboss-6.0.0.20101110-CR1\common\lib\jboss-jsr88.jar;C:\java\runtimes\jboss-6.0.0.20101110-CR1\common\lib\jboss-logmanager-log4j.jar;C:\java\runtimes\jboss-6.0.0.20101110-CR1\common\lib\jboss-management.jar;C:\java\runtimes\jboss-6.0.0.20101110-CR1\common\lib\jboss-marshalling-river.jar;C:\java\runtimes\jboss-6.0.0.20101110-CR1\common\lib\jboss-marshalling.jar;C:\java\runtimes\jboss-6.0.0.20101110-CR1\common\lib\jboss-mc-int-servlet.jar;C:\java\runtimes\jboss-6.0.0.20101110-CR1\common\lib\jboss-metadata-client.jar;C:\java\runtimes\jboss-6.0.0.20101110-CR1\common\lib\jboss-metadata-common.jar;C:\java\runtimes\jboss-6.0.0.20101110-CR1\common\lib\jboss-metadata-ear.jar;C:\java\runtimes\jboss-6.0.0.20101110-CR1\common\lib\jboss-metadata-ejb.jar;C:\java\runtimes\jboss-6.0.0.20101110-CR1\common\lib\jboss-metadata-rar.jar;C:\java\runtimes\jboss-6.0.0.20101110-CR1\common\lib\jboss-metadata-war.jar;C:\java\runtimes\jboss-6.0.0.20101110-CR1\common\lib\jboss-monitoring.jar;C:\java\runtimes\jboss-6.0.0.20101110-CR1\common\lib\jboss-negotiation.jar;C:\java\runtimes\jboss-6.0.0.20101110-CR1\common\lib\jboss-profileservice-plugins.jar;C:\java\runtimes\jboss-6.0.0.20101110-CR1\common\lib\jboss-reloaded-naming-deployers.jar;C:\java\runtimes\jboss-6.0.0.20101110-CR1\common\lib\jboss-reloaded-naming-impl.jar;C:\java\runtimes\jboss-6.0.0.20101110-CR1\common\lib\jboss-reloaded-naming-spi.jar;C:\java\runtimes\jboss-6.0.0.20101110-CR1\common\lib\jboss-remoting-3.jar;C:\java\runtimes\jboss-6.0.0.20101110-CR1\common\lib\jboss-remoting-aspects.jar;C:\java\runtimes\jboss-6.0.0.20101110-CR1\common\lib\jboss-remoting.jar;C:\java\runtimes\jboss-6.0.0.20101110-CR1\common\lib\jboss-resolver-impl.jar;C:\java\runtimes\jboss-6.0.0.20101110-CR1\common\lib\jboss-resolver-spi.jar;C:\java\runtimes\jboss-6.0.0.20101110-CR1\common\lib\jboss-security-aspects.jar;C:\java\runtimes\jboss-6.0.0.20101110-CR1\common\lib\jboss-serialization.jar;C:\java\runtimes\jboss-6.0.0.20101110-CR1\common\lib\jboss-servlet-api_3.0_spec.jar;C:\java\runtimes\jboss-6.0.0.20101110-CR1\common\lib\jboss-srp.jar;C:\java\runtimes\jboss-6.0.0.20101110-CR1\common\lib\jboss-switchboard-metadata.jar;C:\java\runtimes\jboss-6.0.0.20101110-CR1\common\lib\jboss-threads.jar;C:\java\runtimes\jboss-6.0.0.20101110-CR1\common\lib\jboss-transaction-api_1.1_spec.jar;C:\java\runtimes\jboss-6.0.0.20101110-CR1\common\lib\jboss-transaction-aspects.jar;C:\java\runtimes\jboss-6.0.0.20101110-CR1\common\lib\jboss.jar;C:\java\runtimes\jboss-6.0.0.20101110-CR1\common\lib\jbossas-remoting.jar;C:\java\runtimes\jboss-6.0.0.20101110-CR1\common\lib\jbosscx-client.jar;C:\java\runtimes\jboss-6.0.0.20101110-CR1\common\lib\jbossha.jar;C:\java\runtimes\jboss-6.0.0.20101110-CR1\common\lib\jbossjts-integration.jar;C:\java\runtimes\jboss-6.0.0.20101110-CR1\common\lib\jbossjts.jar;C:\java\runtimes\jboss-6.0.0.20101110-CR1\common\lib\jbossws-common.jar;C:\java\runtimes\jboss-6.0.0.20101110-CR1\common\lib\jbossws-framework.jar;C:\java\runtimes\jboss-6.0.0.20101110-CR1\common\lib\jbossws-jboss60.jar;C:\java\runtimes\jboss-6.0.0.20101110-CR1\common\lib\jbossws-native-core.jar;C:\java\runtimes\jboss-6.0.0.20101110-CR1\common\lib\jbossws-spi.jar;C:\java\runtimes\jboss-6.0.0.20101110-CR1\common\lib\jbossxacml.jar;C:\java\runtimes\jboss-6.0.0.20101110-CR1\common\lib\jcl-over-slf4j.jar;C:\java\runtimes\jboss-6.0.0.20101110-CR1\common\lib\jmx-adaptor-plugin.jar;C:\java\runtimes\jboss-6.0.0.20101110-CR1\common\lib\jnpserver.jar;C:\java\runtimes\jboss-6.0.0.20101110-CR1\common\lib\joesnmp.jar;C:\java\runtimes\jboss-6.0.0.20101110-CR1\common\lib\jsr181-api.jar;C:\java\runtimes\jboss-6.0.0.20101110-CR1\common\lib\log4j-snmp-appender.jar;C:\java\runtimes\jboss-6.0.0.20101110-CR1\common\lib\log4j.jar;C:\java\runtimes\jboss-6.0.0.20101110-CR1\common\lib\mail-plugin.jar;C:\java\runtimes\jboss-6.0.0.20101110-CR1\common\lib\mail.jar;C:\java\runtimes\jboss-6.0.0.20101110-CR1\common\lib\managed-beans-impl.jar;C:\java\runtimes\jboss-6.0.0.20101110-CR1\common\lib\managed-beans-mc-int.jar;C:\java\runtimes\jboss-6.0.0.20101110-CR1\common\lib\managed-beans-metadata-impl.jar;C:\java\runtimes\jboss-6.0.0.20101110-CR1\common\lib\managed-beans-metadata-jbmeta.jar;C:\java\runtimes\jboss-6.0.0.20101110-CR1\common\lib\managed-beans-metadata.jar;C:\java\runtimes\jboss-6.0.0.20101110-CR1\common\lib\managed-beans-proxy-impl.jar;C:\java\runtimes\jboss-6.0.0.20101110-CR1\common\lib\managed-beans-spi.jar;C:\java\runtimes\jboss-6.0.0.20101110-CR1\common\lib\neethi.jar;C:\java\runtimes\jboss-6.0.0.20101110-CR1\common\lib\netty.jar;C:\java\runtimes\jboss-6.0.0.20101110-CR1\common\lib\picketbox-bare.jar;C:\java\runtimes\jboss-6.0.0.20101110-CR1\common\lib\properties-plugin.jar;C:\java\runtimes\jboss-6.0.0.20101110-CR1\common\lib\proxy-javassist.jar;C:\java\runtimes\jboss-6.0.0.20101110-CR1\common\lib\proxy-reflect.jar;C:\java\runtimes\jboss-6.0.0.20101110-CR1\common\lib\proxy-spi.jar;C:\java\runtimes\jboss-6.0.0.20101110-CR1\common\lib\quartz.jar;C:\java\runtimes\jboss-6.0.0.20101110-CR1\common\lib\scanning-deployers.jar;C:\java\runtimes\jboss-6.0.0.20101110-CR1\common\lib\scheduler-plugin-example.jar;C:\java\runtimes\jboss-6.0.0.20101110-CR1\common\lib\scheduler-plugin.jar;C:\java\runtimes\jboss-6.0.0.20101110-CR1\common\lib\serializer.jar;C:\java\runtimes\jboss-6.0.0.20101110-CR1\common\lib\shrinkwrap-api.jar;C:\java\runtimes\jboss-6.0.0.20101110-CR1\common\lib\shrinkwrap-extension-vfs3.jar;C:\java\runtimes\jboss-6.0.0.20101110-CR1\common\lib\shrinkwrap-impl-base.jar;C:\java\runtimes\jboss-6.0.0.20101110-CR1\common\lib\shrinkwrap-spi.jar;C:\java\runtimes\jboss-6.0.0.20101110-CR1\common\lib\slf4j-api.jar;C:\java\runtimes\jboss-6.0.0.20101110-CR1\common\lib\slf4j-jboss-logmanager.jar;C:\java\runtimes\jboss-6.0.0.20101110-CR1\common\lib\validation-api.jar;C:\java\runtimes\jboss-6.0.0.20101110-CR1\common\lib\weld-api.jar;C:\java\runtimes\jboss-6.0.0.20101110-CR1\common\lib\wscommons-policy.jar;C:\java\runtimes\jboss-6.0.0.20101110-CR1\common\lib\wsdl4j.jar;C:\java\runtimes\jboss-6.0.0.20101110-CR1\common\lib\wss4j.jar;C:\java\runtimes\jboss-6.0.0.20101110-CR1\common\lib\xalan.jar;C:\java\runtimes\jboss-6.0.0.20101110-CR1\common\lib\XmlSchema.jar;C:\java\runtimes\jboss-6.0.0.20101110-CR1\common\lib\xmlsec.jar;C:\java\runtimes\jboss-6.0.0.20101110-CR1\common\lib\xnio-api.jar;C:\java\runtimes\jboss-6.0.0.20101110-CR1\lib\concurrent.jar;C:\java\runtimes\jboss-6.0.0.20101110-CR1\lib\dom4j.jar;C:\java\runtimes\jboss-6.0.0.20101110-CR1\lib\getopt.jar;C:\java\runtimes\jboss-6.0.0.20101110-CR1\lib\javassist.jar;C:\java\runtimes\jboss-6.0.0.20101110-CR1\lib\javax.inject.jar;C:\java\runtimes\jboss-6.0.0.20101110-CR1\lib\jaxb-impl.jar;C:\java\runtimes\jboss-6.0.0.20101110-CR1\lib\jboss-aop-asintegration-core.jar;C:\java\runtimes\jboss-6.0.0.20101110-CR1\lib\jboss-aop-asintegration-mc.jar;C:\java\runtimes\jboss-6.0.0.20101110-CR1\lib\jboss-aop-deployers.jar;C:\java\runtimes\jboss-6.0.0.20101110-CR1\lib\jboss-aop-jboss5.jar;C:\java\runtimes\jboss-6.0.0.20101110-CR1\lib\jboss-aop-mc-int.jar;C:\java\runtimes\jboss-6.0.0.20101110-CR1\lib\jboss-aop.jar;C:\java\runtimes\jboss-6.0.0.20101110-CR1\lib\jboss-bootstrap-api-as.jar;C:\java\runtimes\jboss-6.0.0.20101110-CR1\lib\jboss-bootstrap-api-mc.jar;C:\java\runtimes\jboss-6.0.0.20101110-CR1\lib\jboss-bootstrap-api.jar;C:\java\runtimes\jboss-6.0.0.20101110-CR1\lib\jboss-bootstrap-impl-as.jar;C:\java\runtimes\jboss-6.0.0.20101110-CR1\lib\jboss-bootstrap-impl-base.jar;C:\java\runtimes\jboss-6.0.0.20101110-CR1\lib\jboss-bootstrap-impl-mc.jar;C:\java\runtimes\jboss-6.0.0.20101110-CR1\lib\jboss-bootstrap-spi-as.jar;C:\java\runtimes\jboss-6.0.0.20101110-CR1\lib\jboss-bootstrap-spi-mc.jar;C:\java\runtimes\jboss-6.0.0.20101110-CR1\lib\jboss-bootstrap-spi.jar;C:\java\runtimes\jboss-6.0.0.20101110-CR1\lib\jboss-classloader.jar;C:\java\runtimes\jboss-6.0.0.20101110-CR1\lib\jboss-classloading-spi.jar;C:\java\runtimes\jboss-6.0.0.20101110-CR1\lib\jboss-classloading-vfs.jar;C:\java\runtimes\jboss-6.0.0.20101110-CR1\lib\jboss-classloading.jar;C:\java\runtimes\jboss-6.0.0.20101110-CR1\lib\jboss-classpool-jbosscl.jar;C:\java\runtimes\jboss-6.0.0.20101110-CR1\lib\jboss-classpool-scoped.jar;C:\java\runtimes\jboss-6.0.0.20101110-CR1\lib\jboss-classpool.jar;C:\java\runtimes\jboss-6.0.0.20101110-CR1\lib\jboss-common-core.jar;C:\java\runtimes\jboss-6.0.0.20101110-CR1\lib\jboss-dependency.jar;C:\java\runtimes\jboss-6.0.0.20101110-CR1\lib\jboss-deployers-client-spi.jar;C:\java\runtimes\jboss-6.0.0.20101110-CR1\lib\jboss-deployers-client.jar;C:\java\runtimes\jboss-6.0.0.20101110-CR1\lib\jboss-deployers-core-spi.jar;C:\java\runtimes\jboss-6.0.0.20101110-CR1\lib\jboss-deployers-core.jar;C:\java\runtimes\jboss-6.0.0.20101110-CR1\lib\jboss-deployers-impl.jar;C:\java\runtimes\jboss-6.0.0.20101110-CR1\lib\jboss-deployers-jmx.jar;C:\java\runtimes\jboss-6.0.0.20101110-CR1\lib\jboss-deployers-spi.jar;C:\java\runtimes\jboss-6.0.0.20101110-CR1\lib\jboss-deployers-structure-spi.jar;C:\java\runtimes\jboss-6.0.0.20101110-CR1\lib\jboss-deployers-vfs-spi.jar;C:\java\runtimes\jboss-6.0.0.20101110-CR1\lib\jboss-deployers-vfs.jar;C:\java\runtimes\jboss-6.0.0.20101110-CR1\lib\jboss-j2se.jar;C:\java\runtimes\jboss-6.0.0.20101110-CR1\lib\jboss-jmx-annotations.jar;C:\java\runtimes\jboss-6.0.0.20101110-CR1\lib\jboss-jmx-mc-int.jar;C:\java\runtimes\jboss-6.0.0.20101110-CR1\lib\jboss-jmx.jar;C:\java\runtimes\jboss-6.0.0.20101110-CR1\lib\jboss-kernel.jar;C:\java\runtimes\jboss-6.0.0.20101110-CR1\lib\jboss-logging.jar;C:\java\runtimes\jboss-6.0.0.20101110-CR1\lib\jboss-logmanager.jar;C:\java\runtimes\jboss-6.0.0.20101110-CR1\lib\jboss-main.jar;C:\java\runtimes\jboss-6.0.0.20101110-CR1\lib\jboss-managed.jar;C:\java\runtimes\jboss-6.0.0.20101110-CR1\lib\jboss-mbeans.jar;C:\java\runtimes\jboss-6.0.0.20101110-CR1\lib\jboss-mbeanserver.jar;C:\java\runtimes\jboss-6.0.0.20101110-CR1\lib\jboss-mdr.jar;C:\java\runtimes\jboss-6.0.0.20101110-CR1\lib\jboss-metatype.jar;C:\java\runtimes\jboss-6.0.0.20101110-CR1\lib\jboss-profileservice-core.jar;C:\java\runtimes\jboss-6.0.0.20101110-CR1\lib\jboss-profileservice-domain.jar;C:\java\runtimes\jboss-6.0.0.20101110-CR1\lib\jboss-profileservice-persistence.jar;C:\java\runtimes\jboss-6.0.0.20101110-CR1\lib\jboss-profileservice-spi.jar;C:\java\runtimes\jboss-6.0.0.20101110-CR1\lib\jboss-reflect.jar;C:\java\runtimes\jboss-6.0.0.20101110-CR1\lib\jboss-security-spi.jar;C:\java\runtimes\jboss-6.0.0.20101110-CR1\lib\jboss-stdio.jar;C:\java\runtimes\jboss-6.0.0.20101110-CR1\lib\jboss-system-jmx.jar;C:\java\runtimes\jboss-6.0.0.20101110-CR1\lib\jboss-system.jar;C:\java\runtimes\jboss-6.0.0.20101110-CR1\lib\jboss-vfs.jar;C:\java\runtimes\jboss-6.0.0.20101110-CR1\lib\jbosssx-server.jar;C:\java\runtimes\jboss-6.0.0.20101110-CR1\lib\jbosssx.jar;C:\java\runtimes\jboss-6.0.0.20101110-CR1\lib\jbossxb.jar;C:\java\runtimes\jboss-6.0.0.20101110-CR1\lib\scanning-impl.jar;C:\java\runtimes\jboss-6.0.0.20101110-CR1\lib\scanning-plugins.jar;C:\java\runtimes\jboss-6.0.0.20101110-CR1\lib\scanning-spi.jar;C:\java\runtimes\jboss-6.0.0.20101110-CR1\lib\trove.jar;C:\java\runtimes\jboss-6.0.0.20101110-CR1\lib\wstx-lgpl.jar;C:\java\runtimes\jboss-6.0.0.20101110-CR1\lib\xercesImpl.jar;C:\java\runtimes\jboss-6.0.0.20101110-CR1\lib\xml-resolver.jar;C:\java\runtimes\jboss-6.0.0.20101110-CR1\server\default\lib\mysql-connector-java-5.1.13-bin.jar;C:\java\runtimes\jboss-6.0.0.20101110-CR1\server\default\deploy\jbossweb.sar\jboss-web-service.jar;C:\java\runtimes\jboss-6.0.0.20101110-CR1\server\default\deploy\jbossweb.sar\jstl.jar;C:\java\runtimes\jboss-6.0.0.20101110-CR1\server\default\deployers\jboss-aop-jboss5.deployer\jboss-aop-aspects.jar;C:\java\runtimes\jboss-6.0.0.20101110-CR1\server\default\deployers\jboss-aop-jboss5.deployer\jboss-as-aspects-jboss-aspect-library.jar;C:\java\runtimes\jboss-6.0.0.20101110-CR1\server\default\deployers\jboss-aop-jboss5.deployer\pluggable-instrumentor.jar;C:\java\runtimes\jboss-6.0.0.20101110-CR1\server\default\deployers\ejb3.deployer\jboss-as-ejb3-deployer.jar;C:\java\runtimes\jboss-6.0.0.20101110-CR1\client\activation.jar;C:\java\runtimes\jboss-6.0.0.20101110-CR1\client\commons-lang.jar;C:\java\runtimes\jboss-6.0.0.20101110-CR1\client\hornetq-core-client.jar;C:\java\runtimes\jboss-6.0.0.20101110-CR1\client\hornetq-jms-client.jar;C:\java\runtimes\jboss-6.0.0.20101110-CR1\client\jacorb.jar;C:\java\runtimes\jboss-6.0.0.20101110-CR1\client\jaxws-rt.jar;C:\java\runtimes\jboss-6.0.0.20101110-CR1\client\jaxws-tools.jar;C:\java\runtimes\jboss-6.0.0.20101110-CR1\client\jboss-aop-client.jar;C:\java\runtimes\jboss-6.0.0.20101110-CR1\client\jboss-appclient.jar;C:\java\runtimes\jboss-6.0.0.20101110-CR1\client\jboss-aspect-jdk50-client.jar;C:\java\runtimes\jboss-6.0.0.20101110-CR1\client\jboss-client.jar;C:\java\runtimes\jboss-6.0.0.20101110-CR1\client\jboss-deployment.jar;C:\java\runtimes\jboss-6.0.0.20101110-CR1\client\jboss-ejb3-common-client.jar;C:\java\runtimes\jboss-6.0.0.20101110-CR1\client\jboss-ejb3-core-client.jar;C:\java\runtimes\jboss-6.0.0.20101110-CR1\client\jboss-ejb3-proxy-clustered-client.jar;C:\java\runtimes\jboss-6.0.0.20101110-CR1\client\jboss-ejb3-proxy-impl-client.jar;C:\java\runtimes\jboss-6.0.0.20101110-CR1\client\jboss-ejb3-proxy-spi-client.jar;C:\java\runtimes\jboss-6.0.0.20101110-CR1\client\jboss-ejb3-security-client.jar;C:\java\runtimes\jboss-6.0.0.20101110-CR1\client\jboss-ha-legacy-client.jar;C:\java\runtimes\jboss-6.0.0.20101110-CR1\client\jboss-jsr77-client.jar;C:\java\runtimes\jboss-6.0.0.20101110-CR1\client\jboss-profileservice-client.jar;C:\java\runtimes\jboss-6.0.0.20101110-CR1\client\jboss-srp-client.jar;C:\java\runtimes\jboss-6.0.0.20101110-CR1\client\jboss-system-client.jar;C:\java\runtimes\jboss-6.0.0.20101110-CR1\client\jboss-system-jmx-client.jar;C:\java\runtimes\jboss-6.0.0.20101110-CR1\client\jbossall-client.jar;C:\java\runtimes\jboss-6.0.0.20101110-CR1\client\jbossjmx-ant.jar;C:\java\runtimes\jboss-6.0.0.20101110-CR1\client\jbosssx-as-client.jar;C:\java\runtimes\jboss-6.0.0.20101110-CR1\client\jbosssx-client.jar;C:\java\runtimes\jboss-6.0.0.20101110-CR1\client\jbossws-cxf-client.jar;C:\java\runtimes\jboss-6.0.0.20101110-CR1\client\jbossws-cxf-transports-httpserver.jar;C:\java\runtimes\jboss-6.0.0.20101110-CR1\client\jettison.jar;C:\java\runtimes\jboss-6.0.0.20101110-CR1\client\jmx-invoker-adaptor-client.jar;C:\java\runtimes\jboss-6.0.0.20101110-CR1\client\jnp-client.jar;C:\java\runtimes\jboss-6.0.0.20101110-CR1\client\logkit.jar;C:\java\runtimes\jboss-6.0.0.20101110-CR1\client\policy.jar;C:\java\runtimes\jboss-6.0.0.20101110-CR1\client\scout.jar;C:\java\runtimes\jboss-6.0.0.20101110-CR1\client\slf4j-jboss-logging.jar;C:\java\runtimes\jboss-6.0.0.20101110-CR1\client\stax-api.jar;C:\java\runtimes\jboss-6.0.0.20101110-CR1\client\stax-ex.jar;C:\java\runtimes\jboss-6.0.0.20101110-CR1\client\streambuffer.jar;C:\java\runtimes\jboss-6.0.0.20101110-CR1\client\velocity.jar;C:\java\runtimes\jboss-6.0.0.20101110-CR1\server\default\deployers\resteasy.deployer\apache-mime4j-0.6.jar;C:\java\runtimes\jboss-6.0.0.20101110-CR1\server\default\deployers\resteasy.deployer\async-http-servlet-3.0-2.1-beta-1.jar;C:\java\runtimes\jboss-6.0.0.20101110-CR1\server\default\deployers\resteasy.deployer\commons-codec-1.3.jar;C:\java\runtimes\jboss-6.0.0.20101110-CR1\server\default\deployers\resteasy.deployer\commons-logging-1.1.0.jboss.jar;C:\java\runtimes\jboss-6.0.0.20101110-CR1\server\default\deployers\resteasy.deployer\httpclient-4.0.3.jar;C:\java\runtimes\jboss-6.0.0.20101110-CR1\server\default\deployers\resteasy.deployer\httpcore-4.0.1.jar;C:\java\runtimes\jboss-6.0.0.20101110-CR1\server\default\deployers\resteasy.deployer\jackson-core-asl-1.5.3.jar;C:\java\runtimes\jboss-6.0.0.20101110-CR1\server\default\deployers\resteasy.deployer\jackson-jaxrs-1.5.3.jar;C:\java\runtimes\jboss-6.0.0.20101110-CR1\server\default\deployers\resteasy.deployer\jackson-mapper-asl-1.5.3.jar;C:\java\runtimes\jboss-6.0.0.20101110-CR1\server\default\deployers\resteasy.deployer\jackson-xc-1.5.3.jar;C:\java\runtimes\jboss-6.0.0.20101110-CR1\server\default\deployers\resteasy.deployer\javassist-3.12.1.GA.jar;C:\java\runtimes\jboss-6.0.0.20101110-CR1\server\default\deployers\resteasy.deployer\jaxb-impl-2.2.jar;C:\java\runtimes\jboss-6.0.0.20101110-CR1\server\default\deployers\resteasy.deployer\jaxrs-api-2.1-beta-1.jar;C:\java\runtimes\jboss-6.0.0.20101110-CR1\server\default\deployers\resteasy.deployer\jboss-as-resteasy-6.0.0.20101110-CR1.jar;C:\java\runtimes\jboss-6.0.0.20101110-CR1\server\default\deployers\resteasy.deployer\jcip-annotations-1.0.jar;C:\java\runtimes\jboss-6.0.0.20101110-CR1\server\default\deployers\resteasy.deployer\jettison-1.2.jar;C:\java\runtimes\jboss-6.0.0.20101110-CR1\server\default\deployers\resteasy.deployer\jyaml-1.3.jar;C:\java\runtimes\jboss-6.0.0.20101110-CR1\server\default\deployers\resteasy.deployer\mail-1.4.2.jar;C:\java\runtimes\jboss-6.0.0.20101110-CR1\server\default\deployers\resteasy.deployer\resteasy-atom-provider-2.1-beta-1.jar;C:\java\runtimes\jboss-6.0.0.20101110-CR1\server\default\deployers\resteasy.deployer\resteasy-cdi-2.1-beta-1.jar;C:\java\runtimes\jboss-6.0.0.20101110-CR1\server\default\deployers\resteasy.deployer\resteasy-jackson-provider-2.1-beta-1.jar;C:\java\runtimes\jboss-6.0.0.20101110-CR1\server\default\deployers\resteasy.deployer\resteasy-jaxb-provider-2.1-beta-1.jar;C:\java\runtimes\jboss-6.0.0.20101110-CR1\server\default\deployers\resteasy.deployer\resteasy-jaxrs-2.1-beta-1.jar;C:\java\runtimes\jboss-6.0.0.20101110-CR1\server\default\deployers\resteasy.deployer\resteasy-jettison-provider-2.1-beta-1.jar;C:\java\runtimes\jboss-6.0.0.20101110-CR1\server\default\deployers\resteasy.deployer\resteasy-multipart-provider-2.1-beta-1.jar;C:\java\runtimes\jboss-6.0.0.20101110-CR1\server\default\deployers\resteasy.deployer\resteasy-yaml-provider-2.1-beta-1.jar;C:\java\runtimes\jboss-6.0.0.20101110-CR1\server\default\deployers\resteasy.deployer\scannotation-1.0.2.jar;C:\java\runtimes\jboss-6.0.0.20101110-CR1\server\default\deployers\resteasy.deployer\sjsxp-1.0.1.jar;C:\java\runtimes\jboss-6.0.0.20101110-CR1\server\default\deployers\jsf.deployer\Mojarra-2.0\jsf-libs\jboss-faces.jar;C:\java\runtimes\jboss-6.0.0.20101110-CR1\server\default\deployers\jsf.deployer\Mojarra-2.0\jsf-libs\jsf-api-2.0.3.jar;C:\java\runtimes\jboss-6.0.0.20101110-CR1\server\default\deployers\jsf.deployer\Mojarra-2.0\jsf-libs\jsf-impl-2.0.3.jar;C:\prog\eclipse_helios\plugins\org.junit_4.8.1.v4_8_1_v20100427-1100\junit.jar;C:\prog\eclipse_helios\plugins\org.hamcrest.core_1.1.0.v20090501071000.jar;D:\java\workspaces-sendbox\jee6\clouder;C:\Program Files (x86)\Java\jre6\lib\ext\QTJava.zip;C:\prog\eclipse_helios\plugins\org.apache.ant_1.7.1.v20100518-1145\lib\ant-launcher.jar;C:\prog\eclipse_helios\plugins\org.apache.ant_1.7.1.v20100518-1145\lib\ant.jar;C:\prog\eclipse_helios\plugins\org.apache.ant_1.7.1.v20100518-1145\lib\ant-junit.jar" />
    <property name="ant.version" value="Apache Ant version 1.7.1 compiled on June 27 2008" />
    <property name="java.vm.specification.name" value="Java Virtual Machine Specification" />
    <property name="env.windir" value="C:\Windows" />
    <property name="env.LOGONSERVER" value="\\RACUNALO" />
    <property name="env.PROCESSOR_ARCHITECTURE" value="AMD64" />
    <property name="java.vm.specification.version" value="1.0" />
    <property name="sun.os.patch.level" value="" />
    <property name="sun.cpu.endian" value="little" />
    <property name="debuglevel" value="source,lines,vars" />
    <property name="env.ProgramFiles" value="C:\Program Files" />
    <property name="env.ANT_HOME" value="C:\prog\eclipse_helios\plugins\org.apache.ant_1.7.1.v20100518-1145" />
    <property name="java.io.tmpdir" value="C:\Users\matej\AppData\Local\Temp\" />
    <property name="eclipse.pdebuild.home" value="/C:/prog/eclipse_helios/plugins/org.eclipse.pde.build_3.6.1.R36x_v20100823/./" />
    <property name="env.PROCESSOR_REVISION" value="0f02" />
    <property name="env.CommonProgramFiles(x86)" value="C:\Program Files (x86)\Common Files" />
    <property name="java.vendor.url.bug" value="http://java.sun.com/cgi-bin/bugreport.cgi" />
    <property name="env.SystemRoot" value="C:\Windows" />
    <property name="env.GIT_SSH" value="C:\Program Files (x86)\PuTTY\plink.exe" />
    <property name="os.arch" value="amd64" />
    <property name="java.awt.graphicsenv" value="sun.awt.Win32GraphicsEnvironment" />
    <property name="java.ext.dirs" value="C:\Program Files\Java\jdk1.6.0_17\jre\lib\ext;C:\Windows\Sun\Java\lib\ext" />
    <property name="env.SVN_SSH" value="&quot;C:\\Program Files (x86)\\PuTTY\\plink.exe&quot;" />
    <property name="user.dir" value="D:\java\workspaces-sendbox\jee6\clouder" />
    <property name="env.LOCALAPPDATA" value="C:\Users\matej\AppData\Local" />
    <property name="line.separator" value="
" />
    <property name="java.vm.name" value="Java HotSpot(TM) 64-Bit Server VM" />
    <property name="env.PATHEXT" value=".COM;.EXE;.BAT;.CMD;.VBS;.VBE;.JS;.JSE;.WSF;.WSH;.MSC" />
    <property name="env.Path" value="C:\Program Files (x86)\PC Connectivity Solution\;C:\Windows\system32;C:\Windows;C:\Windows\System32\Wbem;C:\Windows\System32\WindowsPowerShell\v1.0\;C:\Program Files (x86)\ATI Technologies\ATI.ACE\Core-Static;c:\Program Files\Java\jdk1.6.0_17\bin\;C:\Program Files (x86)\QuickTime\QTSystem\;c:\Program Files (x86)\unxTools\;C:\prog\apache-maven\bin\;C:\Program Files (x86)\cwRsync\bin\;C:\Program Files (x86)\Git\cmd;C:\Program Files (x86)\OpenVPN\bin" />
    <property name="basedir" value="D:\java\workspaces-sendbox\jee6\clouder" />
    <property name="ant.java.version" value="1.6" />
    <property name="ant.core.lib" value="C:\prog\eclipse_helios\plugins\org.apache.ant_1.7.1.v20100518-1145\lib\ant.jar" />
    <property name="env.USERNAME" value="matej" />
    <property name="source" value="1.6" />
    <property name="env.SystemDrive" value="C:" />
    <property name="file.encoding" value="Cp1250" />
    <property name="env.USERDOMAIN" value="racunalo" />
    <property name="java.specification.version" value="1.6" />
    <property name="env.PROCESSOR_LEVEL" value="6" />
  </properties>
  <testcase classname="matejonnet.test.SimpleTest" name="test" time="0.0070" />
  <testcase classname="matejonnet.test.SimpleTest" name="test2" time="0.015">
    <failure message="null expected:&lt;my[S]tring&gt; but was:&lt;my[ s]tring&gt;" type="junit.framework.ComparisonFailure">junit.framework.ComparisonFailure: null expected:&lt;my[S]tring&gt; but was:&lt;my[ s]tring&gt;
	at matejonnet.test.SimpleTest.test2(SimpleTest.java:17)
</failure>
  </testcase>
  <system-out><![CDATA[]]></system-out>
  <system-err><![CDATA[]]></system-err>
</testsuite>
