<?xml version="1.0" encoding="UTF-8" ?>
<testsuite failures="0" time="1.762" errors="0" skipped="0" tests="3" name="TestSuite">
  <properties>
    <property name="java.runtime.name" value="Java(TM) SE Runtime Environment"/>
    <property name="sun.boot.library.path" value="C:\Program Files (x86)\Java\jdk1.6.0_20\jre\bin"/>
    <property name="java.vm.version" value="16.3-b01"/>
    <property name="java.vm.vendor" value="Sun Microsystems Inc."/>
    <property name="java.vendor.url" value="http://java.sun.com/"/>
    <property name="path.separator" value=";"/>
    <property name="java.vm.name" value="Java HotSpot(TM) Client VM"/>
    <property name="file.encoding.pkg" value="sun.io"/>
    <property name="user.country" value="SI"/>
    <property name="sun.java.launcher" value="SUN_STANDARD"/>
    <property name="sun.os.patch.level" value=""/>
    <property name="java.vm.specification.name" value="Java Virtual Machine Specification"/>
    <property name="user.dir" value="d:\java\workspaces-sendbox\jee6\clouder"/>
    <property name="java.runtime.version" value="1.6.0_20-b02"/>
    <property name="java.awt.graphicsenv" value="sun.awt.Win32GraphicsEnvironment"/>
    <property name="basedir" value="d:\java\workspaces-sendbox\jee6\clouder"/>
    <property name="java.endorsed.dirs" value="C:\Program Files (x86)\Java\jdk1.6.0_20\jre\lib\endorsed"/>
    <property name="os.arch" value="x86"/>
    <property name="surefire.real.class.path" value="C:\Users\matej\AppData\Local\Temp\surefirebooter7963220327239812480.jar"/>
    <property name="java.io.tmpdir" value="C:\Users\matej\AppData\Local\Temp\"/>
    <property name="line.separator" value="
"/>
    <property name="java.vm.specification.vendor" value="Sun Microsystems Inc."/>
    <property name="user.variant" value=""/>
    <property name="os.name" value="Windows 7"/>
    <property name="sun.jnu.encoding" value="Cp1250"/>
    <property name="java.library.path" value="C:\Program Files (x86)\Java\jdk1.6.0_20\jre\bin;.;C:\Windows\Sun\Java\bin;C:\Windows\system32;C:\Windows;C:\Program Files (x86)\PC Connectivity Solution\;C:\Windows\system32;C:\Windows;C:\Windows\System32\Wbem;C:\Windows\System32\WindowsPowerShell\v1.0\;C:\Program Files (x86)\ATI Technologies\ATI.ACE\Core-Static;c:\Program Files\Java\jdk1.6.0_17\bin\;C:\Program Files (x86)\QuickTime\QTSystem\;c:\Program Files (x86)\unxTools\;C:\prog\apache-maven\bin\;C:\Program Files (x86)\cwRsync\bin\;C:\Program Files (x86)\Git\cmd;c:\prog\apache-ant-1.8.1\bin;C:\Program Files (x86)\OpenVPN\bin"/>
    <property name="surefire.test.class.path" value="d:\java\workspaces-sendbox\jee6\clouder\target\test-classes;d:\java\workspaces-sendbox\jee6\clouder\target\classes;C:\Users\matej\.m2\repository\javax\enterprise\cdi-api\1.0-SP1\cdi-api-1.0-SP1.jar;C:\Users\matej\.m2\repository\org\jboss\interceptor\jboss-interceptor-api\1.1\jboss-interceptor-api-1.1.jar;C:\Users\matej\.m2\repository\javax\annotation\jsr250-api\1.0\jsr250-api-1.0.jar;C:\Users\matej\.m2\repository\javax\inject\javax.inject\1\javax.inject-1.jar;C:\Users\matej\.m2\repository\org\testng\testng\5.12.1\testng-5.12.1.jar;C:\Users\matej\.m2\repository\junit\junit\3.8.1\junit-3.8.1.jar;C:\Users\matej\.m2\repository\org\jboss\arquillian\arquillian-testng\1.0.0.Alpha4\arquillian-testng-1.0.0.Alpha4.jar;C:\Users\matej\.m2\repository\org\jboss\arquillian\arquillian-impl-base\1.0.0.Alpha4\arquillian-impl-base-1.0.0.Alpha4.jar;C:\Users\matej\.m2\repository\org\jboss\arquillian\arquillian-api\1.0.0.Alpha4\arquillian-api-1.0.0.Alpha4.jar;C:\Users\matej\.m2\repository\org\jboss\shrinkwrap\shrinkwrap-impl-base\1.0.0-alpha-11\shrinkwrap-impl-base-1.0.0-alpha-11.jar;C:\Users\matej\.m2\repository\org\jboss\shrinkwrap\shrinkwrap-spi\1.0.0-alpha-11\shrinkwrap-spi-1.0.0-alpha-11.jar;C:\Users\matej\.m2\repository\ant\ant\1.6.5\ant-1.6.5.jar;C:\Users\matej\.m2\repository\org\jboss\arquillian\container\arquillian-weld-se-embedded-1\1.0.0.Alpha4\arquillian-weld-se-embedded-1-1.0.0.Alpha4.jar;C:\Users\matej\.m2\repository\org\jboss\arquillian\arquillian-spi\1.0.0.Alpha4\arquillian-spi-1.0.0.Alpha4.jar;C:\Users\matej\.m2\repository\org\jboss\arquillian\protocol\arquillian-protocol-local\1.0.0.Alpha4\arquillian-protocol-local-1.0.0.Alpha4.jar;C:\Users\matej\.m2\repository\org\jboss\arquillian\testenricher\arquillian-testenricher-cdi\1.0.0.Alpha4\arquillian-testenricher-cdi-1.0.0.Alpha4.jar;C:\Users\matej\.m2\repository\org\jboss\shrinkwrap\shrinkwrap-extension-classloader\1.0.0-alpha-11\shrinkwrap-extension-classloader-1.0.0-alpha-11.jar;C:\Users\matej\.m2\repository\org\jboss\shrinkwrap\shrinkwrap-api\1.0.0-alpha-11\shrinkwrap-api-1.0.0-alpha-11.jar;C:\Users\matej\.m2\repository\org\jboss\weld\weld-core\1.0.1-SP1\weld-core-1.0.1-SP1.jar;C:\Users\matej\.m2\repository\org\jboss\weld\weld-spi\1.0-SP1\weld-spi-1.0-SP1.jar;C:\Users\matej\.m2\repository\javassist\javassist\3.11.0.GA\javassist-3.11.0.GA.jar;C:\Users\matej\.m2\repository\com\google\collections\google-collections\1.0\google-collections-1.0.jar;C:\Users\matej\.m2\repository\org\jboss\interceptor\jboss-interceptor\1.0.0-CR11\jboss-interceptor-1.0.0-CR11.jar;C:\Users\matej\.m2\repository\org\slf4j\slf4j-ext\1.5.10\slf4j-ext-1.5.10.jar;C:\Users\matej\.m2\repository\ch\qos\cal10n\cal10n-api\0.7.2\cal10n-api-0.7.2.jar;C:\Users\matej\.m2\repository\org\slf4j\slf4j-api\1.5.10\slf4j-api-1.5.10.jar;C:\Users\matej\.m2\repository\org\jboss\weld\weld-api\1.0-SP1\weld-api-1.0-SP1.jar;C:\Users\matej\.m2\repository\org\slf4j\slf4j-simple\1.5.10\slf4j-simple-1.5.10.jar;C:\Users\matej\.m2\repository\javax\el\el-api\2.2\el-api-2.2.jar;"/>
    <property name="java.specification.name" value="Java Platform API Specification"/>
    <property name="java.class.version" value="50.0"/>
    <property name="sun.management.compiler" value="HotSpot Client Compiler"/>
    <property name="os.version" value="6.1"/>
    <property name="user.home" value="C:\Users\matej"/>
    <property name="user.timezone" value="Europe/Prague"/>
    <property name="java.awt.printerjob" value="sun.awt.windows.WPrinterJob"/>
    <property name="java.specification.version" value="1.6"/>
    <property name="file.encoding" value="Cp1250"/>
    <property name="user.name" value="matej"/>
    <property name="java.class.path" value="d:\java\workspaces-sendbox\jee6\clouder\target\test-classes;d:\java\workspaces-sendbox\jee6\clouder\target\classes;C:\Users\matej\.m2\repository\javax\enterprise\cdi-api\1.0-SP1\cdi-api-1.0-SP1.jar;C:\Users\matej\.m2\repository\org\jboss\interceptor\jboss-interceptor-api\1.1\jboss-interceptor-api-1.1.jar;C:\Users\matej\.m2\repository\javax\annotation\jsr250-api\1.0\jsr250-api-1.0.jar;C:\Users\matej\.m2\repository\javax\inject\javax.inject\1\javax.inject-1.jar;C:\Users\matej\.m2\repository\org\testng\testng\5.12.1\testng-5.12.1.jar;C:\Users\matej\.m2\repository\junit\junit\3.8.1\junit-3.8.1.jar;C:\Users\matej\.m2\repository\org\jboss\arquillian\arquillian-testng\1.0.0.Alpha4\arquillian-testng-1.0.0.Alpha4.jar;C:\Users\matej\.m2\repository\org\jboss\arquillian\arquillian-impl-base\1.0.0.Alpha4\arquillian-impl-base-1.0.0.Alpha4.jar;C:\Users\matej\.m2\repository\org\jboss\arquillian\arquillian-api\1.0.0.Alpha4\arquillian-api-1.0.0.Alpha4.jar;C:\Users\matej\.m2\repository\org\jboss\shrinkwrap\shrinkwrap-impl-base\1.0.0-alpha-11\shrinkwrap-impl-base-1.0.0-alpha-11.jar;C:\Users\matej\.m2\repository\org\jboss\shrinkwrap\shrinkwrap-spi\1.0.0-alpha-11\shrinkwrap-spi-1.0.0-alpha-11.jar;C:\Users\matej\.m2\repository\ant\ant\1.6.5\ant-1.6.5.jar;C:\Users\matej\.m2\repository\org\jboss\arquillian\container\arquillian-weld-se-embedded-1\1.0.0.Alpha4\arquillian-weld-se-embedded-1-1.0.0.Alpha4.jar;C:\Users\matej\.m2\repository\org\jboss\arquillian\arquillian-spi\1.0.0.Alpha4\arquillian-spi-1.0.0.Alpha4.jar;C:\Users\matej\.m2\repository\org\jboss\arquillian\protocol\arquillian-protocol-local\1.0.0.Alpha4\arquillian-protocol-local-1.0.0.Alpha4.jar;C:\Users\matej\.m2\repository\org\jboss\arquillian\testenricher\arquillian-testenricher-cdi\1.0.0.Alpha4\arquillian-testenricher-cdi-1.0.0.Alpha4.jar;C:\Users\matej\.m2\repository\org\jboss\shrinkwrap\shrinkwrap-extension-classloader\1.0.0-alpha-11\shrinkwrap-extension-classloader-1.0.0-alpha-11.jar;C:\Users\matej\.m2\repository\org\jboss\shrinkwrap\shrinkwrap-api\1.0.0-alpha-11\shrinkwrap-api-1.0.0-alpha-11.jar;C:\Users\matej\.m2\repository\org\jboss\weld\weld-core\1.0.1-SP1\weld-core-1.0.1-SP1.jar;C:\Users\matej\.m2\repository\org\jboss\weld\weld-spi\1.0-SP1\weld-spi-1.0-SP1.jar;C:\Users\matej\.m2\repository\javassist\javassist\3.11.0.GA\javassist-3.11.0.GA.jar;C:\Users\matej\.m2\repository\com\google\collections\google-collections\1.0\google-collections-1.0.jar;C:\Users\matej\.m2\repository\org\jboss\interceptor\jboss-interceptor\1.0.0-CR11\jboss-interceptor-1.0.0-CR11.jar;C:\Users\matej\.m2\repository\org\slf4j\slf4j-ext\1.5.10\slf4j-ext-1.5.10.jar;C:\Users\matej\.m2\repository\ch\qos\cal10n\cal10n-api\0.7.2\cal10n-api-0.7.2.jar;C:\Users\matej\.m2\repository\org\slf4j\slf4j-api\1.5.10\slf4j-api-1.5.10.jar;C:\Users\matej\.m2\repository\org\jboss\weld\weld-api\1.0-SP1\weld-api-1.0-SP1.jar;C:\Users\matej\.m2\repository\org\slf4j\slf4j-simple\1.5.10\slf4j-simple-1.5.10.jar;C:\Users\matej\.m2\repository\javax\el\el-api\2.2\el-api-2.2.jar;"/>
    <property name="java.vm.specification.version" value="1.0"/>
    <property name="sun.arch.data.model" value="32"/>
    <property name="java.home" value="C:\Program Files (x86)\Java\jdk1.6.0_20\jre"/>
    <property name="java.specification.vendor" value="Sun Microsystems Inc."/>
    <property name="user.language" value="sl"/>
    <property name="awt.toolkit" value="sun.awt.windows.WToolkit"/>
    <property name="java.vm.info" value="mixed mode, sharing"/>
    <property name="java.version" value="1.6.0_20"/>
    <property name="java.ext.dirs" value="C:\Program Files (x86)\Java\jdk1.6.0_20\jre\lib\ext;C:\Windows\Sun\Java\lib\ext"/>
    <property name="sun.boot.class.path" value="C:\Program Files (x86)\Java\jdk1.6.0_20\jre\lib\resources.jar;C:\Program Files (x86)\Java\jdk1.6.0_20\jre\lib\rt.jar;C:\Program Files (x86)\Java\jdk1.6.0_20\jre\lib\sunrsasign.jar;C:\Program Files (x86)\Java\jdk1.6.0_20\jre\lib\jsse.jar;C:\Program Files (x86)\Java\jdk1.6.0_20\jre\lib\jce.jar;C:\Program Files (x86)\Java\jdk1.6.0_20\jre\lib\charsets.jar;C:\Program Files (x86)\Java\jdk1.6.0_20\jre\classes"/>
    <property name="java.vendor" value="Sun Microsystems Inc."/>
    <property name="localRepository" value="C:\Users\matej\.m2\repository"/>
    <property name="file.separator" value="\"/>
    <property name="java.vendor.url.bug" value="http://java.sun.com/cgi-bin/bugreport.cgi"/>
    <property name="sun.cpu.endian" value="little"/>
    <property name="sun.io.unicode.encoding" value="UnicodeLittle"/>
    <property name="sun.desktop" value="windows"/>
    <property name="sun.cpu.isalist" value="pentium_pro+mmx pentium_pro pentium+mmx pentium i486 i386 i86"/>
  </properties>
  <testcase time="0.004" classname="matejonnet.test.TemperatureConverterTest" name="testConvertToCelsius"/>
  <testcase time="0" classname="matejonnet.test.TemperatureConverterTest" name="testConvertToCelsiusNoInect"/>
  <testcase time="0.001" classname="matejonnet.test.TemperatureConverterTest" name="testConvertToFarenheit"/>
</testsuite>